#
# A fatal error has been detected by the Java Runtime Environment:
#
#  Internal Error (t:/workspace/open/src/hotspot/share/runtime/vmThread.cpp:680), pid=152544, tid=58136
#  fatal error: Nested VM operation CollectForMetadataAllocation requested by operation ChangeBreakpoints
#
# JRE version: Java(TM) SE Runtime Environment (11.0.2+9) (build 11.0.2+9-LTS)
# Java VM: Java HotSpot(TM) 64-Bit Server VM (11.0.2+9-LTS, mixed mode, tiered, compressed oops, g1 gc, windows-amd64)
# No core dump will be written. Minidumps are not enabled by default on client versions of Windows
#
# If you would like to submit a bug report, please visit:
#   http://bugreport.java.com/bugreport/crash.jsp
#

---------------  S U M M A R Y ------------

Command Line: -agentlib:jdwp=transport=dt_socket,address=127.0.0.1:55017,suspend=y,server=n -XX:TieredStopAtLevel=1 -Xverify:none -Dspring.output.ansi.enabled=always -Dcom.sun.management.jmxremote -Dcom.sun.management.jmxremote.port=55016 -Dcom.sun.management.jmxremote.authenticate=false -Dcom.sun.management.jmxremote.ssl=false -Djava.rmi.server.hostname=localhost -Dspring.liveBeansView.mbeanDomain -Dspring.application.admin.enabled=true -javaagent:C:\Users\user\AppData\Local\JetBrains\Toolbox\apps\IDEA-U\ch-0\182.4892.20\lib\rt\debugger-agent.jar=file:/C:/Users/user/AppData/Local/Temp/capture.props -Dfile.encoding=UTF-8 geacommerce.GeacommerceApplication

Host: Intel(R) Core(TM) i7-4710HQ CPU @ 2.50GHz, 8 cores, 7G,  Windows 10 , 64 bit Build 17134 (10.0.17134.556)
Time: Fri Apr 19 20:42:37 2019 E. Europe Daylight Time elapsed time: 5 seconds (0d 0h 0m 5s)

---------------  T H R E A D  ---------------

Current thread (0x000001a6ee8d8000):  VMThread "VM Thread" [stack: 0x00000028c4400000,0x00000028c4500000] [id=58136]

Stack: [0x00000028c4400000,0x00000028c4500000]
[error occurred during error reporting (printing stack bounds), id 0xc0000005, EXCEPTION_ACCESS_VIOLATION (0xc0000005) at pc=0x000001a6d7fe0bad]

Native frames: (J=compiled Java code, j=interpreted, Vv=VM code, C=native code)
V  [jvm.dll+0x63574a]
V  [jvm.dll+0x77326f]
V  [jvm.dll+0x77491a]
V  [jvm.dll+0x774f35]
V  [jvm.dll+0x774eeb]
V  [jvm.dll+0x634e56]
V  [jvm.dll+0x635218]
C  [ntdll.dll+0x9f7dd]
C  [ntdll.dll+0xd856]
C  [ntdll.dll+0x9e70e]
C  0x000001a6d7fe0bad

VM_Operation (0x00000028c4cff0a0): ChangeBreakpoints, mode: safepoint, requested by thread 0x000001a6ef333800


---------------  P R O C E S S  ---------------

Threads class SMR info:
_java_thread_list=0x000001a6f33a3e30, length=30, elements={
0x000001a6cfccb000, 0x000001a6ee8dc800, 0x000001a6ee8e7000, 0x000001a6ef15e800,
0x000001a6ef161800, 0x000001a6ef167000, 0x000001a6ef173000, 0x000001a6ee896000,
0x000001a6ef333800, 0x000001a6ef346800, 0x000001a6ef348000, 0x000001a6ef36b800,
0x000001a6ef7c1800, 0x000001a6efa18800, 0x000001a6ef9fa000, 0x000001a6efa87000,
0x000001a6efabc000, 0x000001a6efabd000, 0x000001a6f08b1000, 0x000001a6f08e7000,
0x000001a6f08ef800, 0x000001a6f0c3c800, 0x000001a6f0c40000, 0x000001a6f2f9c000,
0x000001a6f2f9c800, 0x000001a6f2fa0000, 0x000001a6f2f9e800, 0x000001a6f2f9a000,
0x000001a6f2fa1000, 0x000001a6f2f9d800
}

Java Threads: ( => current thread )
  0x000001a6cfccb000 JavaThread "main" [_thread_blocked, id=90104, stack(0x00000028c3e00000,0x00000028c3f00000)]
  0x000001a6ee8dc800 JavaThread "Reference Handler" daemon [_thread_blocked, id=97228, stack(0x00000028c4500000,0x00000028c4600000)]
  0x000001a6ee8e7000 JavaThread "Finalizer" daemon [_thread_blocked, id=49468, stack(0x00000028c4600000,0x00000028c4700000)]
  0x000001a6ef15e800 JavaThread "Signal Dispatcher" daemon [_thread_blocked, id=2976, stack(0x00000028c4700000,0x00000028c4800000)]
  0x000001a6ef161800 JavaThread "Attach Listener" daemon [_thread_blocked, id=164884, stack(0x00000028c4800000,0x00000028c4900000)]
  0x000001a6ef167000 JavaThread "C1 CompilerThread0" daemon [_thread_blocked, id=11640, stack(0x00000028c4900000,0x00000028c4a00000)]
  0x000001a6ef173000 JavaThread "Sweeper thread" daemon [_thread_blocked, id=102992, stack(0x00000028c4a00000,0x00000028c4b00000)]
  0x000001a6ee896000 JavaThread "Common-Cleaner" daemon [_thread_blocked, id=54316, stack(0x00000028c4b00000,0x00000028c4c00000)]
  0x000001a6ef333800 JavaThread "JDWP Transport Listener: dt_socket" daemon [_thread_blocked, id=87104, stack(0x00000028c4c00000,0x00000028c4d00000)]
  0x000001a6ef346800 JavaThread "JDWP Event Helper Thread" daemon [_thread_blocked, id=126716, stack(0x00000028c4d00000,0x00000028c4e00000)]
  0x000001a6ef348000 JavaThread "JDWP Command Reader" daemon [_thread_in_native, id=55992, stack(0x00000028c4e00000,0x00000028c4f00000)]
  0x000001a6ef36b800 JavaThread "C1 CompilerThread1" daemon [_thread_blocked, id=127724, stack(0x00000028c4f00000,0x00000028c5000000)]
  0x000001a6ef7c1800 JavaThread "Service Thread" daemon [_thread_blocked, id=86828, stack(0x00000028c5000000,0x00000028c5100000)]
  0x000001a6efa18800 JavaThread "RMI TCP Accept-0" daemon [_thread_in_native, id=104848, stack(0x00000028c5100000,0x00000028c5200000)]
  0x000001a6ef9fa000 JavaThread "RMI TCP Accept-55016" daemon [_thread_in_native, id=27564, stack(0x00000028c5200000,0x00000028c5300000)]
  0x000001a6efa87000 JavaThread "RMI TCP Accept-0" daemon [_thread_in_native, id=85436, stack(0x00000028c5300000,0x00000028c5400000)]
  0x000001a6efabc000 JavaThread "C1 CompilerThread2" daemon [_thread_blocked, id=132348, stack(0x00000028c5500000,0x00000028c5600000)]
  0x000001a6efabd000 JavaThread "C1 CompilerThread3" daemon [_thread_blocked, id=37032, stack(0x00000028c5600000,0x00000028c5700000)]
  0x000001a6f08b1000 JavaThread "RMI TCP Connection(1)-127.0.0.1" daemon [_thread_blocked, id=163700, stack(0x00000028c5900000,0x00000028c5a00000)]
  0x000001a6f08e7000 JavaThread "RMI TCP Connection(2)-127.0.0.1" daemon [_thread_in_native, id=38380, stack(0x00000028c5a00000,0x00000028c5b00000)]
  0x000001a6f08ef800 JavaThread "RMI Scheduler(0)" daemon [_thread_blocked, id=124512, stack(0x00000028c5b00000,0x00000028c5c00000)]
  0x000001a6f0c3c800 JavaThread "Thread-0" [_thread_blocked, id=126792, stack(0x00000028c5c00000,0x00000028c5d00000)]
  0x000001a6f0c40000 JavaThread "restartedMain" [_thread_blocked, id=166396, stack(0x00000028c5d00000,0x00000028c5e00000)]
  0x000001a6f2f9c000 JavaThread "Catalina-utility-1" [_thread_blocked, id=94044, stack(0x00000028c5e00000,0x00000028c5f00000)]
  0x000001a6f2f9c800 JavaThread "Catalina-utility-2" [_thread_blocked, id=46788, stack(0x00000028c6600000,0x00000028c6700000)]
  0x000001a6f2fa0000 JavaThread "container-0" [_thread_blocked, id=102840, stack(0x00000028c6700000,0x00000028c6800000)]
  0x000001a6f2f9e800 JavaThread "mysql-cj-abandoned-connection-cleanup" daemon [_thread_blocked, id=162592, stack(0x00000028c6800000,0x00000028c6900000)]
  0x000001a6f2f9a000 JavaThread "HikariPool-1 housekeeper" daemon [_thread_blocked, id=33108, stack(0x00000028c6a00000,0x00000028c6b00000)]
  0x000001a6f2fa1000 JavaThread "HikariPool-1 connection adder" daemon [_thread_blocked, id=85528, stack(0x00000028c6b00000,0x00000028c6c00000)]
  0x000001a6f2f9d800 JavaThread "Live Reload Server" daemon [_thread_in_native, id=102096, stack(0x00000028c6d00000,0x00000028c6e00000)]

Other Threads:
=>0x000001a6ee8d8000 VMThread "VM Thread" [stack: 0x00000028c4400000,0x00000028c4500000] [id=58136]
  0x000001a6efa8c800 WatcherThread [stack: 0x00000028c5400000,0x00000028c5500000] [id=38276]
  0x000001a6cfd25800 GCTaskThread "GC Thread#0" [stack: 0x00000028c3f00000,0x00000028c4000000] [id=72696]
  0x000001a6efdde000 GCTaskThread "GC Thread#1" [stack: 0x00000028c5700000,0x00000028c5800000] [id=80236]
  0x000001a6f0878800 GCTaskThread "GC Thread#2" [stack: 0x00000028c5800000,0x00000028c5900000] [id=25468]
  0x000001a6f0cf4800 GCTaskThread "GC Thread#3" [stack: 0x00000028c5f00000,0x00000028c6000000] [id=161548]
  0x000001a6f0cf5800 GCTaskThread "GC Thread#4" [stack: 0x00000028c6000000,0x00000028c6100000] [id=129288]
  0x000001a6f0cf6000 GCTaskThread "GC Thread#5" [stack: 0x00000028c6100000,0x00000028c6200000] [id=20412]
  0x000001a6f0ce3800 GCTaskThread "GC Thread#6" [stack: 0x00000028c6200000,0x00000028c6300000] [id=99076]
  0x000001a6f0cfa800 GCTaskThread "GC Thread#7" [stack: 0x00000028c6300000,0x00000028c6400000] [id=95312]
  0x000001a6cfd5a000 ConcurrentGCThread "G1 Main Marker" [stack: 0x00000028c4000000,0x00000028c4100000] [id=118816]
  0x000001a6cfd5b000 ConcurrentGCThread "G1 Conc#0" [stack: 0x00000028c4100000,0x00000028c4200000] [id=18216]
  0x000001a6f0a95800 ConcurrentGCThread "G1 Conc#1" [stack: 0x00000028c6500000,0x00000028c6600000] [id=42032]
  0x000001a6ee742800 ConcurrentGCThread "G1 Refine#0" [stack: 0x00000028c4200000,0x00000028c4300000] [id=62212]
  0x000001a6f0d11000 ConcurrentGCThread "G1 Refine#1" [stack: 0x00000028c6400000,0x00000028c6500000] [id=30816]
  0x000001a6ee743000 ConcurrentGCThread "G1 Young RemSet Sampling" [stack: 0x00000028c4300000,0x00000028c4400000] [id=77552]

Threads with active compile tasks:

VM state:at safepoint (normal execution)

VM Mutex/Monitor currently owned by a thread:  ([mutex/lock_event])
[0x000001a6cfcca0e0] Threads_lock - owner thread: 0x000001a6ee8d8000

Heap address: 0x0000000081600000, size: 2026 MB, Compressed Oops mode: 32-bit
Narrow klass base: 0x0000000000000000, Narrow klass shift: 3
Compressed class space size: 1073741824 Address: 0x0000000100000000

Heap:
 garbage-first heap   total 190464K, used 30042K [0x0000000081600000, 0x0000000100000000)
  region size 1024K, 9 young (9216K), 8 survivors (8192K)
 Metaspace       used 58209K, capacity 59819K, committed 59900K, reserved 1101824K
  class space    used 7620K, capacity 8287K, committed 8320K, reserved 1048576K
Heap Regions: E=young(eden), S=young(survivor), O=old, HS=humongous(starts), HC=humongous(continues), CS=collection set, F=free, A=archive, TAMS=top-at-mark-start (previous, next)
|   0|0x0000000081600000, 0x0000000081700000, 0x0000000081700000|100%|HS|  |TAMS 0x0000000081700000, 0x0000000081600000| Complete 
|   1|0x0000000081700000, 0x0000000081800000, 0x0000000081800000|100%| O|  |TAMS 0x0000000081800000, 0x0000000081700000| Untracked 
|   2|0x0000000081800000, 0x0000000081900000, 0x0000000081900000|100%| O|  |TAMS 0x0000000081900000, 0x0000000081800000| Untracked 
|   3|0x0000000081900000, 0x0000000081a00000, 0x0000000081a00000|100%| O|  |TAMS 0x0000000081a00000, 0x0000000081900000| Untracked 
|   4|0x0000000081a00000, 0x0000000081b00000, 0x0000000081b00000|100%| O|  |TAMS 0x0000000081b00000, 0x0000000081a00000| Untracked 
|   5|0x0000000081b00000, 0x0000000081c00000, 0x0000000081c00000|100%| O|  |TAMS 0x0000000081c00000, 0x0000000081b00000| Untracked 
|   6|0x0000000081c00000, 0x0000000081d00000, 0x0000000081d00000|100%| O|  |TAMS 0x0000000081c7d400, 0x0000000081c00000| Untracked 
|   7|0x0000000081d00000, 0x0000000081e00000, 0x0000000081e00000|100%| O|  |TAMS 0x0000000081d00000, 0x0000000081d00000| Untracked 
|   8|0x0000000081e00000, 0x0000000081f00000, 0x0000000081f00000|100%| O|  |TAMS 0x0000000081e00000, 0x0000000081e00000| Untracked 
|   9|0x0000000081f00000, 0x0000000082000000, 0x0000000082000000|100%| O|  |TAMS 0x0000000081f00000, 0x0000000081f00000| Untracked 
|  10|0x0000000082000000, 0x0000000082100000, 0x0000000082100000|100%| O|  |TAMS 0x0000000082000000, 0x0000000082000000| Untracked 
|  11|0x0000000082100000, 0x0000000082200000, 0x0000000082200000|100%| O|  |TAMS 0x0000000082100000, 0x0000000082100000| Untracked 
|  12|0x0000000082200000, 0x0000000082300000, 0x0000000082300000|100%| O|  |TAMS 0x0000000082200000, 0x0000000082200000| Untracked 
|  13|0x0000000082300000, 0x0000000082400000, 0x0000000082400000|100%| O|  |TAMS 0x0000000082300000, 0x0000000082300000| Untracked 
|  14|0x0000000082400000, 0x0000000082500000, 0x0000000082500000|100%| O|  |TAMS 0x0000000082400000, 0x0000000082400000| Untracked 
|  15|0x0000000082500000, 0x0000000082600000, 0x0000000082600000|100%| O|  |TAMS 0x0000000082500000, 0x0000000082500000| Untracked 
|  16|0x0000000082600000, 0x0000000082700000, 0x0000000082700000|100%| O|  |TAMS 0x0000000082600000, 0x0000000082600000| Untracked 
|  17|0x0000000082700000, 0x0000000082800000, 0x0000000082800000|100%| O|  |TAMS 0x0000000082700000, 0x0000000082700000| Untracked 
|  18|0x0000000082800000, 0x0000000082900000, 0x0000000082900000|100%| O|  |TAMS 0x0000000082800000, 0x0000000082800000| Untracked 
|  19|0x0000000082900000, 0x0000000082a00000, 0x0000000082a00000|100%| O|  |TAMS 0x0000000082900000, 0x0000000082900000| Untracked 
|  20|0x0000000082a00000, 0x0000000082b00000, 0x0000000082b00000|100%| O|  |TAMS 0x0000000082a00000, 0x0000000082a00000| Untracked 
|  21|0x0000000082b00000, 0x0000000082b69600, 0x0000000082c00000| 41%| O|  |TAMS 0x0000000082b00000, 0x0000000082b00000| Untracked 
|  22|0x0000000082c00000, 0x0000000082c00000, 0x0000000082d00000|  0%| F|  |TAMS 0x0000000082c00000, 0x0000000082c00000| Untracked 
|  23|0x0000000082d00000, 0x0000000082d00000, 0x0000000082e00000|  0%| F|  |TAMS 0x0000000082d00000, 0x0000000082d00000| Untracked 
|  24|0x0000000082e00000, 0x0000000082e00000, 0x0000000082f00000|  0%| F|  |TAMS 0x0000000082e00000, 0x0000000082e00000| Untracked 
|  25|0x0000000082f00000, 0x0000000082f00000, 0x0000000083000000|  0%| F|  |TAMS 0x0000000082f00000, 0x0000000082f00000| Untracked 
|  26|0x0000000083000000, 0x0000000083000000, 0x0000000083100000|  0%| F|  |TAMS 0x0000000083000000, 0x0000000083000000| Untracked 
|  27|0x0000000083100000, 0x0000000083100000, 0x0000000083200000|  0%| F|  |TAMS 0x0000000083100000, 0x0000000083100000| Untracked 
|  28|0x0000000083200000, 0x0000000083200000, 0x0000000083300000|  0%| F|  |TAMS 0x0000000083200000, 0x0000000083200000| Untracked 
|  29|0x0000000083300000, 0x0000000083300000, 0x0000000083400000|  0%| F|  |TAMS 0x0000000083300000, 0x0000000083300000| Untracked 
|  30|0x0000000083400000, 0x0000000083400000, 0x0000000083500000|  0%| F|  |TAMS 0x0000000083400000, 0x0000000083400000| Untracked 
|  31|0x0000000083500000, 0x0000000083500000, 0x0000000083600000|  0%| F|  |TAMS 0x0000000083500000, 0x0000000083500000| Untracked 
|  32|0x0000000083600000, 0x0000000083600000, 0x0000000083700000|  0%| F|  |TAMS 0x0000000083600000, 0x0000000083600000| Untracked 
|  33|0x0000000083700000, 0x0000000083700000, 0x0000000083800000|  0%| F|  |TAMS 0x0000000083700000, 0x0000000083700000| Untracked 
|  34|0x0000000083800000, 0x0000000083800000, 0x0000000083900000|  0%| F|  |TAMS 0x0000000083800000, 0x0000000083800000| Untracked 
|  35|0x0000000083900000, 0x0000000083900000, 0x0000000083a00000|  0%| F|  |TAMS 0x0000000083900000, 0x0000000083900000| Untracked 
|  36|0x0000000083a00000, 0x0000000083a00000, 0x0000000083b00000|  0%| F|  |TAMS 0x0000000083a00000, 0x0000000083a00000| Untracked 
|  37|0x0000000083b00000, 0x0000000083b00000, 0x0000000083c00000|  0%| F|  |TAMS 0x0000000083b00000, 0x0000000083b00000| Untracked 
|  38|0x0000000083c00000, 0x0000000083c00000, 0x0000000083d00000|  0%| F|  |TAMS 0x0000000083c00000, 0x0000000083c00000| Untracked 
|  39|0x0000000083d00000, 0x0000000083d00000, 0x0000000083e00000|  0%| F|  |TAMS 0x0000000083d00000, 0x0000000083d00000| Untracked 
|  40|0x0000000083e00000, 0x0000000083e00000, 0x0000000083f00000|  0%| F|  |TAMS 0x0000000083e00000, 0x0000000083e00000| Untracked 
|  41|0x0000000083f00000, 0x0000000083f00000, 0x0000000084000000|  0%| F|  |TAMS 0x0000000083f00000, 0x0000000083f00000| Untracked 
|  42|0x0000000084000000, 0x0000000084000000, 0x0000000084100000|  0%| F|  |TAMS 0x0000000084000000, 0x0000000084000000| Untracked 
|  43|0x0000000084100000, 0x0000000084100000, 0x0000000084200000|  0%| F|  |TAMS 0x0000000084100000, 0x0000000084100000| Untracked 
|  44|0x0000000084200000, 0x0000000084200000, 0x0000000084300000|  0%| F|  |TAMS 0x0000000084200000, 0x0000000084200000| Untracked 
|  45|0x0000000084300000, 0x0000000084300000, 0x0000000084400000|  0%| F|  |TAMS 0x0000000084300000, 0x0000000084300000| Untracked 
|  46|0x0000000084400000, 0x0000000084400000, 0x0000000084500000|  0%| F|  |TAMS 0x0000000084400000, 0x0000000084400000| Untracked 
|  47|0x0000000084500000, 0x0000000084500000, 0x0000000084600000|  0%| F|  |TAMS 0x0000000084500000, 0x0000000084500000| Untracked 
|  48|0x0000000084600000, 0x0000000084600000, 0x0000000084700000|  0%| F|  |TAMS 0x0000000084600000, 0x0000000084600000| Untracked 
|  49|0x0000000084700000, 0x0000000084700000, 0x0000000084800000|  0%| F|  |TAMS 0x0000000084700000, 0x0000000084700000| Untracked 
|  50|0x0000000084800000, 0x0000000084800000, 0x0000000084900000|  0%| F|  |TAMS 0x0000000084800000, 0x0000000084800000| Untracked 
|  51|0x0000000084900000, 0x0000000084900000, 0x0000000084a00000|  0%| F|  |TAMS 0x0000000084900000, 0x0000000084900000| Untracked 
|  52|0x0000000084a00000, 0x0000000084a00000, 0x0000000084b00000|  0%| F|  |TAMS 0x0000000084a00000, 0x0000000084a00000| Untracked 
|  53|0x0000000084b00000, 0x0000000084b00000, 0x0000000084c00000|  0%| F|  |TAMS 0x0000000084b00000, 0x0000000084b00000| Untracked 
|  54|0x0000000084c00000, 0x0000000084ced5a8, 0x0000000084d00000| 92%| S|CS|TAMS 0x0000000084c00000, 0x0000000084c00000| Complete 
|  55|0x0000000084d00000, 0x0000000084e00000, 0x0000000084e00000|100%| S|CS|TAMS 0x0000000084d00000, 0x0000000084d00000| Complete 
|  56|0x0000000084e00000, 0x0000000084f00000, 0x0000000084f00000|100%| S|CS|TAMS 0x0000000084e00000, 0x0000000084e00000| Complete 
|  57|0x0000000084f00000, 0x0000000085000000, 0x0000000085000000|100%| S|CS|TAMS 0x0000000084f00000, 0x0000000084f00000| Complete 
|  58|0x0000000085000000, 0x0000000085100000, 0x0000000085100000|100%| S|CS|TAMS 0x0000000085000000, 0x0000000085000000| Complete 
|  59|0x0000000085100000, 0x0000000085200000, 0x0000000085200000|100%| S|CS|TAMS 0x0000000085100000, 0x0000000085100000| Complete 
|  60|0x0000000085200000, 0x0000000085300000, 0x0000000085300000|100%| S|CS|TAMS 0x0000000085200000, 0x0000000085200000| Complete 
|  61|0x0000000085300000, 0x0000000085400000, 0x0000000085400000|100%| S|CS|TAMS 0x0000000085300000, 0x0000000085300000| Complete 
|  62|0x0000000085400000, 0x0000000085400000, 0x0000000085500000|  0%| F|  |TAMS 0x0000000085400000, 0x0000000085400000| Untracked 
|  63|0x0000000085500000, 0x0000000085500000, 0x0000000085600000|  0%| F|  |TAMS 0x0000000085500000, 0x0000000085500000| Untracked 
|  64|0x0000000085600000, 0x0000000085600000, 0x0000000085700000|  0%| F|  |TAMS 0x0000000085600000, 0x0000000085600000| Untracked 
|  65|0x0000000085700000, 0x0000000085700000, 0x0000000085800000|  0%| F|  |TAMS 0x0000000085700000, 0x0000000085700000| Untracked 
|  66|0x0000000085800000, 0x0000000085800000, 0x0000000085900000|  0%| F|  |TAMS 0x0000000085800000, 0x0000000085800000| Untracked 
|  67|0x0000000085900000, 0x0000000085900000, 0x0000000085a00000|  0%| F|  |TAMS 0x0000000085900000, 0x0000000085900000| Untracked 
|  68|0x0000000085a00000, 0x0000000085a00000, 0x0000000085b00000|  0%| F|  |TAMS 0x0000000085a00000, 0x0000000085a00000| Untracked 
|  69|0x0000000085b00000, 0x0000000085b00000, 0x0000000085c00000|  0%| F|  |TAMS 0x0000000085b00000, 0x0000000085b00000| Untracked 
|  70|0x0000000085c00000, 0x0000000085c00000, 0x0000000085d00000|  0%| F|  |TAMS 0x0000000085c00000, 0x0000000085c00000| Untracked 
|  71|0x0000000085d00000, 0x0000000085d00000, 0x0000000085e00000|  0%| F|  |TAMS 0x0000000085d00000, 0x0000000085d00000| Untracked 
|  72|0x0000000085e00000, 0x0000000085e00000, 0x0000000085f00000|  0%| F|  |TAMS 0x0000000085e00000, 0x0000000085e00000| Untracked 
|  73|0x0000000085f00000, 0x0000000085f00000, 0x0000000086000000|  0%| F|  |TAMS 0x0000000085f00000, 0x0000000085f00000| Untracked 
|  74|0x0000000086000000, 0x0000000086000000, 0x0000000086100000|  0%| F|  |TAMS 0x0000000086000000, 0x0000000086000000| Untracked 
|  75|0x0000000086100000, 0x0000000086100000, 0x0000000086200000|  0%| F|  |TAMS 0x0000000086100000, 0x0000000086100000| Untracked 
|  76|0x0000000086200000, 0x0000000086200000, 0x0000000086300000|  0%| F|  |TAMS 0x0000000086200000, 0x0000000086200000| Untracked 
|  77|0x0000000086300000, 0x0000000086300000, 0x0000000086400000|  0%| F|  |TAMS 0x0000000086300000, 0x0000000086300000| Untracked 
|  78|0x0000000086400000, 0x0000000086400000, 0x0000000086500000|  0%| F|  |TAMS 0x0000000086400000, 0x0000000086400000| Untracked 
|  79|0x0000000086500000, 0x0000000086500000, 0x0000000086600000|  0%| F|  |TAMS 0x0000000086500000, 0x0000000086500000| Untracked 
|  80|0x0000000086600000, 0x0000000086600000, 0x0000000086700000|  0%| F|  |TAMS 0x0000000086600000, 0x0000000086600000| Untracked 
|  81|0x0000000086700000, 0x0000000086700000, 0x0000000086800000|  0%| F|  |TAMS 0x0000000086700000, 0x0000000086700000| Untracked 
|  82|0x0000000086800000, 0x0000000086800000, 0x0000000086900000|  0%| F|  |TAMS 0x0000000086800000, 0x0000000086800000| Untracked 
|  83|0x0000000086900000, 0x0000000086900000, 0x0000000086a00000|  0%| F|  |TAMS 0x0000000086900000, 0x0000000086900000| Untracked 
|  84|0x0000000086a00000, 0x0000000086a00000, 0x0000000086b00000|  0%| F|  |TAMS 0x0000000086a00000, 0x0000000086a00000| Untracked 
|  85|0x0000000086b00000, 0x0000000086b00000, 0x0000000086c00000|  0%| F|  |TAMS 0x0000000086b00000, 0x0000000086b00000| Untracked 
|  86|0x0000000086c00000, 0x0000000086c00000, 0x0000000086d00000|  0%| F|  |TAMS 0x0000000086c00000, 0x0000000086c00000| Untracked 
|  87|0x0000000086d00000, 0x0000000086d00000, 0x0000000086e00000|  0%| F|  |TAMS 0x0000000086d00000, 0x0000000086d00000| Untracked 
|  88|0x0000000086e00000, 0x0000000086e00000, 0x0000000086f00000|  0%| F|  |TAMS 0x0000000086e00000, 0x0000000086e00000| Untracked 
|  89|0x0000000086f00000, 0x0000000086f00000, 0x0000000087000000|  0%| F|  |TAMS 0x0000000086f00000, 0x0000000086f00000| Untracked 
|  90|0x0000000087000000, 0x0000000087000000, 0x0000000087100000|  0%| F|  |TAMS 0x0000000087000000, 0x0000000087000000| Untracked 
|  91|0x0000000087100000, 0x0000000087100000, 0x0000000087200000|  0%| F|  |TAMS 0x0000000087100000, 0x0000000087100000| Untracked 
|  92|0x0000000087200000, 0x0000000087200000, 0x0000000087300000|  0%| F|  |TAMS 0x0000000087200000, 0x0000000087200000| Untracked 
|  93|0x0000000087300000, 0x0000000087300000, 0x0000000087400000|  0%| F|  |TAMS 0x0000000087300000, 0x0000000087300000| Untracked 
|  94|0x0000000087400000, 0x0000000087400000, 0x0000000087500000|  0%| F|  |TAMS 0x0000000087400000, 0x0000000087400000| Untracked 
|  95|0x0000000087500000, 0x0000000087500000, 0x0000000087600000|  0%| F|  |TAMS 0x0000000087500000, 0x0000000087500000| Untracked 
|  96|0x0000000087600000, 0x0000000087600000, 0x0000000087700000|  0%| F|  |TAMS 0x0000000087600000, 0x0000000087600000| Untracked 
|  97|0x0000000087700000, 0x0000000087700000, 0x0000000087800000|  0%| F|  |TAMS 0x0000000087700000, 0x0000000087700000| Untracked 
|  98|0x0000000087800000, 0x0000000087800000, 0x0000000087900000|  0%| F|  |TAMS 0x0000000087800000, 0x0000000087800000| Untracked 
|  99|0x0000000087900000, 0x0000000087900000, 0x0000000087a00000|  0%| F|  |TAMS 0x0000000087900000, 0x0000000087900000| Untracked 
| 100|0x0000000087a00000, 0x0000000087a00000, 0x0000000087b00000|  0%| F|  |TAMS 0x0000000087a00000, 0x0000000087a00000| Untracked 
| 101|0x0000000087b00000, 0x0000000087b00000, 0x0000000087c00000|  0%| F|  |TAMS 0x0000000087b00000, 0x0000000087b00000| Untracked 
| 102|0x0000000087c00000, 0x0000000087c00000, 0x0000000087d00000|  0%| F|  |TAMS 0x0000000087c00000, 0x0000000087c00000| Untracked 
| 103|0x0000000087d00000, 0x0000000087d00000, 0x0000000087e00000|  0%| F|  |TAMS 0x0000000087d00000, 0x0000000087d00000| Untracked 
| 104|0x0000000087e00000, 0x0000000087e00000, 0x0000000087f00000|  0%| F|  |TAMS 0x0000000087e00000, 0x0000000087e00000| Untracked 
| 105|0x0000000087f00000, 0x0000000087f00000, 0x0000000088000000|  0%| F|  |TAMS 0x0000000087f00000, 0x0000000087f00000| Untracked 
| 106|0x0000000088000000, 0x0000000088000000, 0x0000000088100000|  0%| F|  |TAMS 0x0000000088000000, 0x0000000088000000| Untracked 
| 107|0x0000000088100000, 0x0000000088100000, 0x0000000088200000|  0%| F|  |TAMS 0x0000000088100000, 0x0000000088100000| Untracked 
| 108|0x0000000088200000, 0x0000000088200000, 0x0000000088300000|  0%| F|  |TAMS 0x0000000088200000, 0x0000000088200000| Untracked 
| 109|0x0000000088300000, 0x0000000088300000, 0x0000000088400000|  0%| F|  |TAMS 0x0000000088300000, 0x0000000088300000| Untracked 
| 110|0x0000000088400000, 0x0000000088400000, 0x0000000088500000|  0%| F|  |TAMS 0x0000000088400000, 0x0000000088400000| Untracked 
| 111|0x0000000088500000, 0x0000000088500000, 0x0000000088600000|  0%| F|  |TAMS 0x0000000088500000, 0x0000000088500000| Untracked 
| 112|0x0000000088600000, 0x0000000088600000, 0x0000000088700000|  0%| F|  |TAMS 0x0000000088600000, 0x0000000088600000| Untracked 
| 113|0x0000000088700000, 0x0000000088700000, 0x0000000088800000|  0%| F|  |TAMS 0x0000000088700000, 0x0000000088700000| Untracked 
| 114|0x0000000088800000, 0x0000000088800000, 0x0000000088900000|  0%| F|  |TAMS 0x0000000088800000, 0x0000000088800000| Untracked 
| 115|0x0000000088900000, 0x0000000088900000, 0x0000000088a00000|  0%| F|  |TAMS 0x0000000088900000, 0x0000000088900000| Untracked 
| 116|0x0000000088a00000, 0x0000000088a00000, 0x0000000088b00000|  0%| F|  |TAMS 0x0000000088a00000, 0x0000000088a00000| Untracked 
| 117|0x0000000088b00000, 0x0000000088b00000, 0x0000000088c00000|  0%| F|  |TAMS 0x0000000088b00000, 0x0000000088b00000| Untracked 
| 118|0x0000000088c00000, 0x0000000088c00000, 0x0000000088d00000|  0%| F|  |TAMS 0x0000000088c00000, 0x0000000088c00000| Untracked 
| 119|0x0000000088d00000, 0x0000000088d00000, 0x0000000088e00000|  0%| F|  |TAMS 0x0000000088d00000, 0x0000000088d00000| Untracked 
| 120|0x0000000088e00000, 0x0000000088e00000, 0x0000000088f00000|  0%| F|  |TAMS 0x0000000088e00000, 0x0000000088e00000| Untracked 
| 121|0x0000000088f00000, 0x0000000088f00000, 0x0000000089000000|  0%| F|  |TAMS 0x0000000088f00000, 0x0000000088f00000| Untracked 
| 122|0x0000000089000000, 0x0000000089000000, 0x0000000089100000|  0%| F|  |TAMS 0x0000000089000000, 0x0000000089000000| Untracked 
| 123|0x0000000089100000, 0x0000000089100000, 0x0000000089200000|  0%| F|  |TAMS 0x0000000089100000, 0x0000000089100000| Untracked 
| 124|0x0000000089200000, 0x0000000089200000, 0x0000000089300000|  0%| F|  |TAMS 0x0000000089200000, 0x0000000089200000| Untracked 
| 125|0x0000000089300000, 0x0000000089300000, 0x0000000089400000|  0%| F|  |TAMS 0x0000000089300000, 0x0000000089300000| Untracked 
| 126|0x0000000089400000, 0x0000000089400000, 0x0000000089500000|  0%| F|  |TAMS 0x0000000089400000, 0x0000000089400000| Untracked 
| 127|0x0000000089500000, 0x0000000089500000, 0x0000000089600000|  0%| F|  |TAMS 0x0000000089500000, 0x0000000089500000| Untracked 
| 128|0x0000000089600000, 0x0000000089600000, 0x0000000089700000|  0%| F|  |TAMS 0x0000000089600000, 0x0000000089600000| Untracked 
| 129|0x0000000089700000, 0x0000000089700000, 0x0000000089800000|  0%| F|  |TAMS 0x0000000089700000, 0x0000000089700000| Untracked 
| 130|0x0000000089800000, 0x0000000089800000, 0x0000000089900000|  0%| F|  |TAMS 0x0000000089800000, 0x0000000089800000| Untracked 
| 131|0x0000000089900000, 0x0000000089900000, 0x0000000089a00000|  0%| F|  |TAMS 0x0000000089900000, 0x0000000089900000| Untracked 
| 132|0x0000000089a00000, 0x0000000089a00000, 0x0000000089b00000|  0%| F|  |TAMS 0x0000000089a00000, 0x0000000089a00000| Untracked 
| 133|0x0000000089b00000, 0x0000000089b00000, 0x0000000089c00000|  0%| F|  |TAMS 0x0000000089b00000, 0x0000000089b00000| Untracked 
| 134|0x0000000089c00000, 0x0000000089c00000, 0x0000000089d00000|  0%| F|  |TAMS 0x0000000089c00000, 0x0000000089c00000| Untracked 
| 135|0x0000000089d00000, 0x0000000089d00000, 0x0000000089e00000|  0%| F|  |TAMS 0x0000000089d00000, 0x0000000089d00000| Untracked 
| 136|0x0000000089e00000, 0x0000000089e00000, 0x0000000089f00000|  0%| F|  |TAMS 0x0000000089e00000, 0x0000000089e00000| Untracked 
| 137|0x0000000089f00000, 0x0000000089f00000, 0x000000008a000000|  0%| F|  |TAMS 0x0000000089f00000, 0x0000000089f00000| Untracked 
| 138|0x000000008a000000, 0x000000008a000000, 0x000000008a100000|  0%| F|  |TAMS 0x000000008a000000, 0x000000008a000000| Untracked 
| 139|0x000000008a100000, 0x000000008a100000, 0x000000008a200000|  0%| F|  |TAMS 0x000000008a100000, 0x000000008a100000| Untracked 
| 140|0x000000008a200000, 0x000000008a200000, 0x000000008a300000|  0%| F|  |TAMS 0x000000008a200000, 0x000000008a200000| Untracked 
| 141|0x000000008a300000, 0x000000008a300000, 0x000000008a400000|  0%| F|  |TAMS 0x000000008a300000, 0x000000008a300000| Untracked 
| 142|0x000000008a400000, 0x000000008a400000, 0x000000008a500000|  0%| F|  |TAMS 0x000000008a400000, 0x000000008a400000| Untracked 
| 143|0x000000008a500000, 0x000000008a500000, 0x000000008a600000|  0%| F|  |TAMS 0x000000008a500000, 0x000000008a500000| Untracked 
| 144|0x000000008a600000, 0x000000008a600000, 0x000000008a700000|  0%| F|  |TAMS 0x000000008a600000, 0x000000008a600000| Untracked 
| 145|0x000000008a700000, 0x000000008a700000, 0x000000008a800000|  0%| F|  |TAMS 0x000000008a700000, 0x000000008a700000| Untracked 
| 146|0x000000008a800000, 0x000000008a800000, 0x000000008a900000|  0%| F|  |TAMS 0x000000008a800000, 0x000000008a800000| Untracked 
| 147|0x000000008a900000, 0x000000008a900000, 0x000000008aa00000|  0%| F|  |TAMS 0x000000008a900000, 0x000000008a900000| Untracked 
| 148|0x000000008aa00000, 0x000000008aa00000, 0x000000008ab00000|  0%| F|  |TAMS 0x000000008aa00000, 0x000000008aa00000| Untracked 
| 149|0x000000008ab00000, 0x000000008ab00000, 0x000000008ac00000|  0%| F|  |TAMS 0x000000008ab00000, 0x000000008ab00000| Untracked 
| 150|0x000000008ac00000, 0x000000008ac00000, 0x000000008ad00000|  0%| F|  |TAMS 0x000000008ac00000, 0x000000008ac00000| Untracked 
| 151|0x000000008ad00000, 0x000000008ad00000, 0x000000008ae00000|  0%| F|  |TAMS 0x000000008ad00000, 0x000000008ad00000| Untracked 
| 152|0x000000008ae00000, 0x000000008ae00000, 0x000000008af00000|  0%| F|  |TAMS 0x000000008ae00000, 0x000000008ae00000| Untracked 
| 153|0x000000008af00000, 0x000000008af00000, 0x000000008b000000|  0%| F|  |TAMS 0x000000008af00000, 0x000000008af00000| Untracked 
| 154|0x000000008b000000, 0x000000008b000000, 0x000000008b100000|  0%| F|  |TAMS 0x000000008b000000, 0x000000008b000000| Untracked 
| 155|0x000000008b100000, 0x000000008b100000, 0x000000008b200000|  0%| F|  |TAMS 0x000000008b100000, 0x000000008b100000| Untracked 
| 156|0x000000008b200000, 0x000000008b200000, 0x000000008b300000|  0%| F|  |TAMS 0x000000008b200000, 0x000000008b200000| Untracked 
| 157|0x000000008b300000, 0x000000008b300000, 0x000000008b400000|  0%| F|  |TAMS 0x000000008b300000, 0x000000008b300000| Untracked 
| 158|0x000000008b400000, 0x000000008b400000, 0x000000008b500000|  0%| F|  |TAMS 0x000000008b400000, 0x000000008b400000| Untracked 
| 159|0x000000008b500000, 0x000000008b500000, 0x000000008b600000|  0%| F|  |TAMS 0x000000008b500000, 0x000000008b500000| Untracked 
| 160|0x000000008b600000, 0x000000008b600000, 0x000000008b700000|  0%| F|  |TAMS 0x000000008b600000, 0x000000008b600000| Untracked 
| 161|0x000000008b700000, 0x000000008b700000, 0x000000008b800000|  0%| F|  |TAMS 0x000000008b700000, 0x000000008b700000| Untracked 
| 162|0x000000008b800000, 0x000000008b800000, 0x000000008b900000|  0%| F|  |TAMS 0x000000008b800000, 0x000000008b800000| Untracked 
| 163|0x000000008b900000, 0x000000008b900000, 0x000000008ba00000|  0%| F|  |TAMS 0x000000008b900000, 0x000000008b900000| Untracked 
| 164|0x000000008ba00000, 0x000000008ba00000, 0x000000008bb00000|  0%| F|  |TAMS 0x000000008ba00000, 0x000000008ba00000| Untracked 
| 165|0x000000008bb00000, 0x000000008bb00000, 0x000000008bc00000|  0%| F|  |TAMS 0x000000008bb00000, 0x000000008bb00000| Untracked 
| 166|0x000000008bc00000, 0x000000008bc00000, 0x000000008bd00000|  0%| F|  |TAMS 0x000000008bc00000, 0x000000008bc00000| Untracked 
| 167|0x000000008bd00000, 0x000000008bd00000, 0x000000008be00000|  0%| F|  |TAMS 0x000000008bd00000, 0x000000008bd00000| Untracked 
| 168|0x000000008be00000, 0x000000008be00000, 0x000000008bf00000|  0%| F|  |TAMS 0x000000008be00000, 0x000000008be00000| Untracked 
| 169|0x000000008bf00000, 0x000000008bf00000, 0x000000008c000000|  0%| F|  |TAMS 0x000000008bf00000, 0x000000008bf00000| Untracked 
| 170|0x000000008c000000, 0x000000008c000000, 0x000000008c100000|  0%| F|  |TAMS 0x000000008c000000, 0x000000008c000000| Untracked 
| 171|0x000000008c100000, 0x000000008c100000, 0x000000008c200000|  0%| F|  |TAMS 0x000000008c100000, 0x000000008c100000| Untracked 
| 172|0x000000008c200000, 0x000000008c200000, 0x000000008c300000|  0%| F|  |TAMS 0x000000008c200000, 0x000000008c200000| Untracked 
| 173|0x000000008c300000, 0x000000008c300000, 0x000000008c400000|  0%| F|  |TAMS 0x000000008c300000, 0x000000008c300000| Untracked 
| 174|0x000000008c400000, 0x000000008c400000, 0x000000008c500000|  0%| F|  |TAMS 0x000000008c400000, 0x000000008c400000| Untracked 
| 175|0x000000008c500000, 0x000000008c500000, 0x000000008c600000|  0%| F|  |TAMS 0x000000008c500000, 0x000000008c500000| Untracked 
| 176|0x000000008c600000, 0x000000008c600000, 0x000000008c700000|  0%| F|  |TAMS 0x000000008c600000, 0x000000008c600000| Untracked 
| 177|0x000000008c700000, 0x000000008c700000, 0x000000008c800000|  0%| F|  |TAMS 0x000000008c700000, 0x000000008c700000| Untracked 
| 178|0x000000008c800000, 0x000000008c800000, 0x000000008c900000|  0%| F|  |TAMS 0x000000008c800000, 0x000000008c800000| Untracked 
| 179|0x000000008c900000, 0x000000008c900000, 0x000000008ca00000|  0%| F|  |TAMS 0x000000008c900000, 0x000000008c900000| Untracked 
| 180|0x000000008ca00000, 0x000000008ca00000, 0x000000008cb00000|  0%| F|  |TAMS 0x000000008ca00000, 0x000000008ca00000| Untracked 
| 181|0x000000008cb00000, 0x000000008cb00000, 0x000000008cc00000|  0%| F|  |TAMS 0x000000008cb00000, 0x000000008cb00000| Untracked 
| 182|0x000000008cc00000, 0x000000008cc00000, 0x000000008cd00000|  0%| F|  |TAMS 0x000000008cc00000, 0x000000008cc00000| Untracked 
| 183|0x000000008cd00000, 0x000000008cd00000, 0x000000008ce00000|  0%| F|  |TAMS 0x000000008cd00000, 0x000000008cd00000| Untracked 
| 184|0x000000008ce00000, 0x000000008ce00000, 0x000000008cf00000|  0%| F|  |TAMS 0x000000008ce00000, 0x000000008ce00000| Untracked 
| 185|0x000000008cf00000, 0x000000008d000000, 0x000000008d000000|100%| E|  |TAMS 0x000000008cf00000, 0x000000008cf00000| Complete 

Card table byte_map: [0x000001a6e7710000,0x000001a6e7b10000] _byte_map_base: 0x000001a6e7305000

Marking Bits (Prev, Next): (CMBitMap*) 0x000001a6cfd51188, (CMBitMap*) 0x000001a6cfd511c0
 Prev Bits: [0x000001a6e7f10000, 0x000001a6e9eb8000)
 Next Bits: [0x000001a6e9ec0000, 0x000001a6ebe68000)

Polling page: 0x000001a6cdb90000

Metaspace:

Usage:
  Non-class:     50.32 MB capacity,    49.40 MB ( 98%) used,   755.73 KB (  1%) free+waste,   187.56 KB ( <1%) overhead. 
      Class:      8.09 MB capacity,     7.44 MB ( 92%) used,   576.22 KB (  7%) free+waste,    89.94 KB (  1%) overhead. 
       Both:     58.42 MB capacity,    56.85 MB ( 97%) used,     1.30 MB (  2%) free+waste,   277.50 KB ( <1%) overhead. 

Virtual space:
  Non-class space:       52.00 MB reserved,      50.37 MB ( 97%) committed 
      Class space:        1.00 GB reserved,       8.13 MB ( <1%) committed 
             Both:        1.05 GB reserved,      58.50 MB (  5%) committed 

Chunk freelists:
   Non-Class:  6.00 KB
       Class:  128 bytes
        Both:  6.13 KB

CodeHeap 'non-profiled nmethods': size=238336Kb used=9830Kb max_used=9830Kb free=228505Kb
 bounds [0x000001a6d8720000, 0x000001a6d90c0000, 0x000001a6e6fe0000]
CodeHeap 'non-nmethods': size=7424Kb used=2997Kb max_used=2997Kb free=4427Kb
 bounds [0x000001a6d7fe0000, 0x000001a6d82d0000, 0x000001a6d8720000]
 total_blobs=6192 nmethods=5567 adapters=523
 compilation: enabled
              stopped_count=0, restarted_count=0
 full_count=0

Compilation events (10 events):
Event: 5.476 Thread 0x000001a6ef167000 5584       1       java.util.regex.Matcher::find (35 bytes)
Event: 5.476 Thread 0x000001a6ef167000 nmethod 5584 0x000001a6d90b7b10 code [0x000001a6d90b7d00, 0x000001a6d90b7f20]
Event: 5.492 Thread 0x000001a6ef36b800 5585       1       java.util.concurrent.ConcurrentHashMap::compareComparables (27 bytes)
Event: 5.492 Thread 0x000001a6efabd000 5586       1       org.springframework.core.MethodClassKey::compareTo (9 bytes)
Event: 5.492 Thread 0x000001a6efabc000 5587       1       org.springframework.core.MethodClassKey::compareTo (78 bytes)
Event: 5.492 Thread 0x000001a6efabd000 nmethod 5586 0x000001a6d90b8090 code [0x000001a6d90b8240, 0x000001a6d90b83d0]
Event: 5.492 Thread 0x000001a6ef36b800 nmethod 5585 0x000001a6d90b8490 code [0x000001a6d90b8640, 0x000001a6d90b8810]
Event: 5.492 Thread 0x000001a6efabc000 nmethod 5587 0x000001a6d90b8910 code [0x000001a6d90b8b40, 0x000001a6d90b9010]
Event: 5.492 Thread 0x000001a6ef167000 5588   !   1       com.sun.proxy.$Proxy111::annotationType (29 bytes)
Event: 5.493 Thread 0x000001a6ef167000 nmethod 5588 0x000001a6d90b9390 code [0x000001a6d90b9580, 0x000001a6d90b9800]

GC Heap History (10 events):
Event: 2.517 GC heap before
{Heap before GC invocations=5 (full 0):
 garbage-first heap   total 131072K, used 74536K [0x0000000081600000, 0x0000000100000000)
  region size 1024K, 68 young (69632K), 4 survivors (4096K)
 Metaspace       used 28602K, capacity 29458K, committed 29616K, reserved 1075200K
  class space    used 3493K, capacity 3830K, committed 3840K, reserved 1048576K
}
Event: 2.524 GC heap after
{Heap after GC invocations=6 (full 0):
 garbage-first heap   total 158720K, used 12875K [0x0000000081600000, 0x0000000100000000)
  region size 1024K, 7 young (7168K), 7 survivors (7168K)
 Metaspace       used 28602K, capacity 29458K, committed 29616K, reserved 1075200K
  class space    used 3493K, capacity 3830K, committed 3840K, reserved 1048576K
}
Event: 3.315 GC heap before
{Heap before GC invocations=6 (full 0):
 garbage-first heap   total 158720K, used 90699K [0x0000000081600000, 0x0000000100000000)
  region size 1024K, 84 young (86016K), 7 survivors (7168K)
 Metaspace       used 34405K, capacity 35633K, committed 35708K, reserved 1081344K
  class space    used 4343K, capacity 4811K, committed 4864K, reserved 1048576K
}
Event: 3.331 GC heap after
{Heap after GC invocations=7 (full 0):
 garbage-first heap   total 158720K, used 16721K [0x0000000081600000, 0x0000000100000000)
  region size 1024K, 10 young (10240K), 10 survivors (10240K)
 Metaspace       used 34405K, capacity 35633K, committed 35708K, reserved 1081344K
  class space    used 4343K, capacity 4811K, committed 4864K, reserved 1048576K
}
Event: 3.684 GC heap before
{Heap before GC invocations=8 (full 0):
 garbage-first heap   total 158720K, used 100689K [0x0000000081600000, 0x0000000100000000)
  region size 1024K, 93 young (95232K), 10 survivors (10240K)
 Metaspace       used 37240K, capacity 38456K, committed 38652K, reserved 1083392K
  class space    used 4665K, capacity 5130K, committed 5248K, reserved 1048576K
}
Event: 3.696 GC heap after
{Heap after GC invocations=9 (full 0):
 garbage-first heap   total 158720K, used 22015K [0x0000000081600000, 0x0000000100000000)
  region size 1024K, 10 young (10240K), 10 survivors (10240K)
 Metaspace       used 37240K, capacity 38456K, committed 38652K, reserved 1083392K
  class space    used 4665K, capacity 5130K, committed 5248K, reserved 1048576K
}
Event: 4.515 GC heap before
{Heap before GC invocations=9 (full 0):
 garbage-first heap   total 158720K, used 105983K [0x0000000081600000, 0x0000000100000000)
  region size 1024K, 93 young (95232K), 10 survivors (10240K)
 Metaspace       used 48033K, capacity 49312K, committed 49532K, reserved 1091584K
  class space    used 6136K, capacity 6635K, committed 6656K, reserved 1048576K
}
Event: 4.523 GC heap after
{Heap after GC invocations=10 (full 0):
 garbage-first heap   total 158720K, used 26062K [0x0000000081600000, 0x0000000100000000)
  region size 1024K, 10 young (10240K), 10 survivors (10240K)
 Metaspace       used 48033K, capacity 49312K, committed 49532K, reserved 1091584K
  class space    used 6136K, capacity 6635K, committed 6656K, reserved 1048576K
}
Event: 5.477 GC heap before
{Heap before GC invocations=10 (full 0):
 garbage-first heap   total 158720K, used 111054K [0x0000000081600000, 0x0000000100000000)
  region size 1024K, 93 young (95232K), 10 survivors (10240K)
 Metaspace       used 58152K, capacity 59755K, committed 59900K, reserved 1101824K
  class space    used 7616K, capacity 8287K, committed 8320K, reserved 1048576K
}
Event: 5.487 GC heap after
{Heap after GC invocations=11 (full 0):
 garbage-first heap   total 190464K, used 30042K [0x0000000081600000, 0x0000000100000000)
  region size 1024K, 8 young (8192K), 8 survivors (8192K)
 Metaspace       used 58152K, capacity 59755K, committed 59900K, reserved 1101824K
  class space    used 7616K, capacity 8287K, committed 8320K, reserved 1048576K
}

Deoptimization events (0 events):
No events

Classes redefined (0 events):
No events

Internal exceptions (10 events):
Event: 5.268 Thread 0x000001a6f0c40000 Exception <a 'java/lang/IncompatibleClassChangeError'{0x00000000872b8af0}: Found class java.lang.Object, but interface was expected> (0x00000000872b8af0) thrown at [t:/workspace/open/src/hotspot/share/interpreter/linkResolver.cpp, line 838]
Event: 5.365 Thread 0x000001a6f0c40000 Exception <a 'java/lang/reflect/InvocationTargetException'{0x000000008684ec28}> (0x000000008684ec28) thrown at [t:/workspace/open/src/hotspot/share/runtime/reflection.cpp, line 1242]
Event: 5.372 Thread 0x000001a6f0c40000 Exception <a 'java/lang/NoSuchMethodError'{0x00000000868c5ae8}: java.lang.invoke.Invokers$Holder.linkToTargetMethod(Ljava/lang/Object;ILjava/lang/Object;)Ljava/lang/Object;> (0x00000000868c5ae8) thrown at [t:/workspace/open/src/hotspot/share/interpreter/l
Event: 5.393 Thread 0x000001a6f0c40000 Exception <a 'java/lang/NoSuchMethodError'{0x00000000866c92c0}: java.lang.invoke.DirectMethodHandle$Holder.invokeStaticInit(Ljava/lang/Object;Ljava/lang/Object;Ljava/lang/Object;Ljava/lang/Object;)V> (0x00000000866c92c0) thrown at [t:/workspace/open/src/h
Event: 5.402 Thread 0x000001a6f0c40000 Exception <a 'java/lang/ClassNotFoundException'{0x00000000865a7d20}: java/lang/ObjectCustomizer> (0x00000000865a7d20) thrown at [t:/workspace/open/src/hotspot/share/classfile/systemDictionary.cpp, line 231]
Event: 5.403 Thread 0x000001a6f0c40000 Exception <a 'java/lang/ClassNotFoundException'{0x00000000865b7ca0}: geacommerce/domain/entities/BaseEntityCustomizer> (0x00000000865b7ca0) thrown at [t:/workspace/open/src/hotspot/share/classfile/systemDictionary.cpp, line 231]
Event: 5.404 Thread 0x000001a6f0c40000 Exception <a 'java/lang/ClassNotFoundException'{0x00000000865c60c0}: geacommerce/domain/entities/InquiryCustomizer> (0x00000000865c60c0) thrown at [t:/workspace/open/src/hotspot/share/classfile/systemDictionary.cpp, line 231]
Event: 5.414 Thread 0x000001a6f0c40000 Exception <a 'java/lang/ClassNotFoundException'{0x0000000086312d40}: java/lang/ObjectCustomizer> (0x0000000086312d40) thrown at [t:/workspace/open/src/hotspot/share/classfile/systemDictionary.cpp, line 231]
Event: 5.415 Thread 0x000001a6f0c40000 Exception <a 'java/lang/ClassNotFoundException'{0x0000000086322cc0}: geacommerce/domain/entities/BaseEntityCustomizer> (0x0000000086322cc0) thrown at [t:/workspace/open/src/hotspot/share/classfile/systemDictionary.cpp, line 231]
Event: 5.416 Thread 0x000001a6f0c40000 Exception <a 'java/lang/ClassNotFoundException'{0x0000000086331040}: geacommerce/domain/entities/OrderCustomizer> (0x0000000086331040) thrown at [t:/workspace/open/src/hotspot/share/classfile/systemDictionary.cpp, line 231]

Events (10 events):
Event: 5.490 loading class javax/validation/Path done
Event: 5.491 loading class javax/validation/Path$Node
Event: 5.491 loading class javax/validation/Path$Node done
Event: 5.491 loading class org/hibernate/validator/internal/engine/ValidationContext$ValidationContextBuilder
Event: 5.491 loading class org/hibernate/validator/internal/engine/ValidationContext$ValidationContextBuilder done
Event: 5.492 Thread 0x000001a6f0c40000 DEOPT PACKING pc=0x000001a6d8b5b2fc sp=0x00000028c5dfcc20
Event: 5.492 Thread 0x000001a6f0c40000 DEOPT UNPACKING pc=0x000001a6d801d44e sp=0x00000028c5dfc158 mode 1
Event: 5.492 Thread 0x000001a6f0c40000 DEOPT PACKING pc=0x000001a6d8b5b2fc sp=0x00000028c5dfcc20
Event: 5.492 Thread 0x000001a6f0c40000 DEOPT UNPACKING pc=0x000001a6d801d44e sp=0x00000028c5dfc158 mode 1
Event: 5.503 Executing VM operation: ChangeBreakpoints


Dynamic libraries:
0x00007ff7c4cd0000 - 0x00007ff7c4d17000 	C:\Program Files\Java\jdk-11.0.2\bin\java.exe
0x00007ffe9e870000 - 0x00007ffe9ea51000 	C:\WINDOWS\SYSTEM32\ntdll.dll
0x00007ffe64a20000 - 0x00007ffe64a32000 	C:\Program Files\AVAST Software\Avast\aswhook.dll
0x00007ffe9ddc0000 - 0x00007ffe9de72000 	C:\WINDOWS\System32\KERNEL32.DLL
0x00007ffe9b1f0000 - 0x00007ffe9b463000 	C:\WINDOWS\System32\KERNELBASE.dll
0x00007ffe9e000000 - 0x00007ffe9e0a1000 	C:\WINDOWS\System32\ADVAPI32.dll
0x00007ffe9de80000 - 0x00007ffe9df1e000 	C:\WINDOWS\System32\msvcrt.dll
0x00007ffe9df30000 - 0x00007ffe9df8b000 	C:\WINDOWS\System32\sechost.dll
0x00007ffe9d210000 - 0x00007ffe9d334000 	C:\WINDOWS\System32\RPCRT4.dll
0x00007ffe9d890000 - 0x00007ffe9da20000 	C:\WINDOWS\System32\USER32.dll
0x00007ffe9b030000 - 0x00007ffe9b050000 	C:\WINDOWS\System32\win32u.dll
0x00007ffe9d850000 - 0x00007ffe9d878000 	C:\WINDOWS\System32\GDI32.dll
0x00007ffe9b050000 - 0x00007ffe9b1e2000 	C:\WINDOWS\System32\gdi32full.dll
0x00007ffe9ada0000 - 0x00007ffe9ae3f000 	C:\WINDOWS\System32\msvcp_win.dll
0x00007ffe9aca0000 - 0x00007ffe9ad9a000 	C:\WINDOWS\System32\ucrtbase.dll
0x00007ffe84530000 - 0x00007ffe84799000 	C:\WINDOWS\WinSxS\amd64_microsoft.windows.common-controls_6595b64144ccf1df_6.0.17134.590_none_fb3d9bff3069e088\COMCTL32.dll
0x00007ffe9e2c0000 - 0x00007ffe9e5e2000 	C:\WINDOWS\System32\combase.dll
0x00007ffe9b470000 - 0x00007ffe9b4ea000 	C:\WINDOWS\System32\bcryptPrimitives.dll
0x00007ffe8cdd0000 - 0x00007ffe8cdda000 	C:\WINDOWS\SYSTEM32\VERSION.dll
0x00007ffe9d820000 - 0x00007ffe9d84d000 	C:\WINDOWS\System32\IMM32.DLL
0x00007ffe954a0000 - 0x00007ffe954b6000 	C:\Program Files\Java\jdk-11.0.2\bin\vcruntime140.dll
0x00007ffe85080000 - 0x00007ffe8512a000 	C:\Program Files\Java\jdk-11.0.2\bin\msvcp140.dll
0x00007ffe554d0000 - 0x00007ffe55ff7000 	C:\Program Files\Java\jdk-11.0.2\bin\server\jvm.dll
0x00007ffe9d880000 - 0x00007ffe9d888000 	C:\WINDOWS\System32\PSAPI.DLL
0x00007ffe8eb50000 - 0x00007ffe8eb59000 	C:\WINDOWS\SYSTEM32\WSOCK32.dll
0x00007ffe9df90000 - 0x00007ffe9dffc000 	C:\WINDOWS\System32\WS2_32.dll
0x00007ffe96c90000 - 0x00007ffe96cb3000 	C:\WINDOWS\SYSTEM32\WINMM.dll
0x00007ffe96c60000 - 0x00007ffe96c8a000 	C:\WINDOWS\SYSTEM32\WINMMBASE.dll
0x00007ffe9bcb0000 - 0x00007ffe9bcf9000 	C:\WINDOWS\System32\cfgmgr32.dll
0x00007ffe9abd0000 - 0x00007ffe9abe1000 	C:\WINDOWS\System32\kernel.appcore.dll
0x00007ffe953c0000 - 0x00007ffe953d1000 	C:\Program Files\Java\jdk-11.0.2\bin\verify.dll
0x00007ffe8c630000 - 0x00007ffe8c7f9000 	C:\WINDOWS\SYSTEM32\DBGHELP.DLL
0x00007ffe8ce10000 - 0x00007ffe8ce39000 	C:\WINDOWS\SYSTEM32\dbgcore.DLL
0x00007ffe94650000 - 0x00007ffe94679000 	C:\Program Files\Java\jdk-11.0.2\bin\java.dll
0x00007ffe87220000 - 0x00007ffe87257000 	C:\Program Files\Java\jdk-11.0.2\bin\jdwp.dll
0x00007ffe86db0000 - 0x00007ffe86ddf000 	C:\Program Files\Java\jdk-11.0.2\bin\instrument.dll
0x00007ffe952b0000 - 0x00007ffe952c6000 	C:\Program Files\Java\jdk-11.0.2\bin\zip.dll
0x00007ffe98bf0000 - 0x00007ffe98bfa000 	C:\Program Files\Java\jdk-11.0.2\bin\jimage.dll
0x00007ffe9bd00000 - 0x00007ffe9d140000 	C:\WINDOWS\System32\SHELL32.dll
0x00007ffe9e790000 - 0x00007ffe9e839000 	C:\WINDOWS\System32\shcore.dll
0x00007ffe9b4f0000 - 0x00007ffe9bbfd000 	C:\WINDOWS\System32\windows.storage.dll
0x00007ffe9e260000 - 0x00007ffe9e2b1000 	C:\WINDOWS\System32\shlwapi.dll
0x00007ffe9abb0000 - 0x00007ffe9abcf000 	C:\WINDOWS\System32\profapi.dll
0x00007ffe9abf0000 - 0x00007ffe9ac3c000 	C:\WINDOWS\System32\powrprof.dll
0x00007ffe9aba0000 - 0x00007ffe9abaa000 	C:\WINDOWS\System32\FLTLIB.DLL
0x00007ffe98ba0000 - 0x00007ffe98baa000 	C:\Program Files\Java\jdk-11.0.2\bin\dt_socket.dll
0x00007ffe9a400000 - 0x00007ffe9a466000 	C:\WINDOWS\system32\mswsock.dll
0x00007ffe95220000 - 0x00007ffe95239000 	C:\Program Files\Java\jdk-11.0.2\bin\net.dll
0x00007ffe91350000 - 0x00007ffe9142d000 	C:\WINDOWS\SYSTEM32\WINHTTP.dll
0x00007ffe94fb0000 - 0x00007ffe95179000 	C:\WINDOWS\SYSTEM32\urlmon.dll
0x00007ffe94be0000 - 0x00007ffe94e85000 	C:\WINDOWS\SYSTEM32\iertutil.dll
0x00007ffe9a5d0000 - 0x00007ffe9a5db000 	C:\WINDOWS\SYSTEM32\CRYPTBASE.DLL
0x00007ffe94600000 - 0x00007ffe94613000 	C:\Program Files\Java\jdk-11.0.2\bin\nio.dll
0x00007ffe98620000 - 0x00007ffe98629000 	C:\Program Files\Java\jdk-11.0.2\bin\management.dll
0x00007ffe96cd0000 - 0x00007ffe96cdc000 	C:\Program Files\Java\jdk-11.0.2\bin\management_ext.dll
0x00007ffe86940000 - 0x00007ffe86956000 	C:\WINDOWS\system32\napinsp.dll
0x00007ffe86920000 - 0x00007ffe8693a000 	C:\WINDOWS\system32\pnrpnsp.dll
0x00007ffe98190000 - 0x00007ffe981a9000 	C:\WINDOWS\system32\NLAapi.dll
0x00007ffe9a1c0000 - 0x00007ffe9a27e000 	C:\WINDOWS\SYSTEM32\DNSAPI.dll
0x00007ffe9d340000 - 0x00007ffe9d348000 	C:\WINDOWS\System32\NSI.dll
0x00007ffe9a180000 - 0x00007ffe9a1b8000 	C:\WINDOWS\SYSTEM32\IPHLPAPI.DLL
0x00007ffe86910000 - 0x00007ffe8691e000 	C:\WINDOWS\System32\winrnr.dll
0x000000006e650000 - 0x000000006e676000 	C:\Program Files\Bonjour\mdnsNSP.dll
0x00007ffe93a90000 - 0x00007ffe93a9a000 	C:\Windows\System32\rasadhlp.dll
0x00007ffe91430000 - 0x00007ffe914a2000 	C:\WINDOWS\System32\fwpuclnt.dll
0x00007ffe9a6e0000 - 0x00007ffe9a705000 	C:\WINDOWS\SYSTEM32\bcrypt.dll
0x00007ffe9a5b0000 - 0x00007ffe9a5c7000 	C:\WINDOWS\SYSTEM32\CRYPTSP.dll
0x00007ffe99fe0000 - 0x00007ffe9a013000 	C:\WINDOWS\system32\rsaenh.dll
0x00007ffe9aab0000 - 0x00007ffe9aad8000 	C:\WINDOWS\SYSTEM32\USERENV.dll
0x00007ffe95ce0000 - 0x00007ffe95cf6000 	C:\WINDOWS\SYSTEM32\dhcpcsvc6.DLL
0x00007ffe95fe0000 - 0x00007ffe95ffa000 	C:\WINDOWS\SYSTEM32\dhcpcsvc.DLL

dbghelp: loaded successfully - version: 4.0.5 - missing functions: none
symbol engine: initialized successfully - sym options: 0x614 - pdb path: .;C:\Program Files\Java\jdk-11.0.2\bin;C:\WINDOWS\SYSTEM32;C:\Program Files\AVAST Software\Avast;C:\WINDOWS\WinSxS\amd64_microsoft.windows.common-controls_6595b64144ccf1df_6.0.17134.590_none_fb3d9bff3069e088;C:\Program Files\Java\jdk-11.0.2\bin\server;C:\Program Files\Bonjour

VM Arguments:
jvm_args: -agentlib:jdwp=transport=dt_socket,address=127.0.0.1:55017,suspend=y,server=n -XX:TieredStopAtLevel=1 -Xverify:none -Dspring.output.ansi.enabled=always -Dcom.sun.management.jmxremote -Dcom.sun.management.jmxremote.port=55016 -Dcom.sun.management.jmxremote.authenticate=false -Dcom.sun.management.jmxremote.ssl=false -Djava.rmi.server.hostname=localhost -Dspring.liveBeansView.mbeanDomain -Dspring.application.admin.enabled=true -javaagent:C:\Users\user\AppData\Local\JetBrains\Toolbox\apps\IDEA-U\ch-0\182.4892.20\lib\rt\debugger-agent.jar=file:/C:/Users/user/AppData/Local/Temp/capture.props -Dfile.encoding=UTF-8 
java_command: geacommerce.GeacommerceApplication
java_class_path (initial): C:\Users\user\IdeaProjects\08. Java MVC Frameworks - Spring\GeaCommerce\target\classes;C:\Users\user\.m2\repository\org\springframework\boot\spring-boot-starter-data-jpa\2.1.3.RELEASE\spring-boot-starter-data-jpa-2.1.3.RELEASE.jar;C:\Users\user\.m2\repository\org\springframework\boot\spring-boot-starter-aop\2.1.3.RELEASE\spring-boot-starter-aop-2.1.3.RELEASE.jar;C:\Users\user\.m2\repository\org\aspectj\aspectjweaver\1.9.2\aspectjweaver-1.9.2.jar;C:\Users\user\.m2\repository\org\springframework\boot\spring-boot-starter-jdbc\2.1.3.RELEASE\spring-boot-starter-jdbc-2.1.3.RELEASE.jar;C:\Users\user\.m2\repository\com\zaxxer\HikariCP\3.2.0\HikariCP-3.2.0.jar;C:\Users\user\.m2\repository\org\springframework\spring-jdbc\5.1.5.RELEASE\spring-jdbc-5.1.5.RELEASE.jar;C:\Users\user\.m2\repository\javax\transaction\javax.transaction-api\1.3\javax.transaction-api-1.3.jar;C:\Users\user\.m2\repository\javax\xml\bind\jaxb-api\2.3.1\jaxb-api-2.3.1.jar;C:\Users\user\.m2\repository\javax\activation\javax.activation-api\1.2.0\javax.activation-api-1.2.0.jar;C:\Users\user\.m2\repository\org\hibernate\hibernate-core\5.3.7.Final\hibernate-core-5.3.7.Final.jar;C:\Users\user\.m2\repository\org\jboss\logging\jboss-logging\3.3.2.Final\jboss-logging-3.3.2.Final.jar;C:\Users\user\.m2\repository\javax\persistence\javax.persistence-api\2.2\javax.persistence-api-2.2.jar;C:\Users\user\.m2\repository\org\javassist\javassist\3.23.1-GA\javassist-3.23.1-GA.jar;C:\Users\user\.m2\repository\net\bytebuddy\byte-buddy\1.9.10\byte-buddy-1.9.10.jar;C:\Users\user\.m2\repository\antlr\antlr\2.7.7\antlr-2.7.7.jar;C:\Users\user\.m2\repository\org\jboss\jandex\2.0.5.Final\jandex-2.0.5.Final.jar;C:\Users\user\.m2\repository\com\fasterxml\classmate\1.4.0\classmate-1.4.0.jar;C:\Users\user\.m2\repository\org\dom4j\dom4j\2.1.1\dom4j-2.1.1.jar;C:\Users\user\.m2\repository\org\hibernate\common\hibernate-commons-annotations\5.0.4.Final\hibernate-commons-annotations-5.0.4.Final.jar;C:\Users\user\.m
Launcher Type: SUN_STANDARD

[Global flags]
     bool BytecodeVerificationLocal                = false                                     {product} {command line}
     bool BytecodeVerificationRemote               = false                                     {product} {command line}
     intx CICompilerCount                          = 4                                         {product} {ergonomic}
     uint ConcGCThreads                            = 2                                         {product} {ergonomic}
     uint G1ConcRefinementThreads                  = 8                                         {product} {ergonomic}
   size_t G1HeapRegionSize                         = 1048576                                   {product} {ergonomic}
    uintx GCDrainStackTargetSize                   = 64                                        {product} {ergonomic}
   size_t InitialHeapSize                          = 134217728                                 {product} {ergonomic}
     bool ManagementServer                         = true                                      {product} {command line}
   size_t MarkStackSize                            = 4194304                                   {product} {ergonomic}
   size_t MaxHeapSize                              = 2124414976                                {product} {ergonomic}
   size_t MaxNewSize                               = 1274019840                                {product} {ergonomic}
   size_t MinHeapDeltaBytes                        = 1048576                                   {product} {ergonomic}
    uintx NonNMethodCodeHeapSize                   = 7549744                                {pd product} {ergonomic}
    uintx NonProfiledCodeHeapSize                  = 244108496                              {pd product} {ergonomic}
    uintx ProfiledCodeHeapSize                     = 0                                      {pd product} {ergonomic}
    uintx ReservedCodeCacheSize                    = 251658240                              {pd product} {ergonomic}
     bool SegmentedCodeCache                       = true                                      {product} {ergonomic}
     intx TieredStopAtLevel                        = 1                                         {product} {command line}
     bool UseCompressedClassPointers               = true                                 {lp64_product} {ergonomic}
     bool UseCompressedOops                        = true                                 {lp64_product} {ergonomic}
     bool UseG1GC                                  = true                                      {product} {ergonomic}
     bool UseLargePagesIndividualAllocation        = false                                  {pd product} {ergonomic}

Logging:
Log output configuration:
 #0: stdout all=warning uptime,level,tags
 #1: stderr all=off uptime,level,tags

Environment Variables:
PATH=C:\Program Files (x86)\Common Files\Oracle\Java\javapath;C:\ProgramData\Oracle\Java\javapath;C:\Program Files (x86)\Intel\iCLS Client\;C:\Program Files\Intel\iCLS Client\;C:\WINDOWS\system32;C:\WINDOWS;C:\WINDOWS\System32\Wbem;C:\WINDOWS\System32\WindowsPowerShell\v1.0\;C:\Program Files\Intel\Intel(R) Management Engine Components\DAL;C:\Program Files\Intel\Intel(R) Management Engine Components\IPT;C:\Program Files (x86)\Intel\Intel(R) Management Engine Components\DAL;C:\Program Files (x86)\Intel\Intel(R) Management Engine Components\IPT;C:\Program Files (x86)\ATI Technologies\ATI.ACE\Core-Static;C:\Program Files (x86)\Skype\Phone\;C:\Program Files\nodejs\;C:\xampp\php;C:\composer;C:\Program Files\dotnet\;C:\Program Files\Microsoft SQL Server\130\Tools\Binn\;C:\WINDOWS\System32\OpenSSH\;C:\Program Files\Intel\WiFi\bin\;C:\Program Files\Common Files\Intel\WirelessCommon\;C:\Program Files\TortoiseGit\bin;C:\Program Files\MongoDB\Server\3.4\bin;C:\Users\user\AppData\Roaming\Composer\vendor\bin;C:\Users\user\AppData\Local\Microsoft\WindowsApps;
USERNAME=user
OS=Windows_NT
PROCESSOR_IDENTIFIER=Intel64 Family 6 Model 60 Stepping 3, GenuineIntel



---------------  S Y S T E M  ---------------

OS: Windows 10 , 64 bit Build 17134 (10.0.17134.556)

CPU:total 8 (initial active 8) (4 cores per cpu, 2 threads per core) family 6 model 60 stepping 3, cmov, cx8, fxsr, mmx, sse, sse2, sse3, ssse3, sse4.1, sse4.2, popcnt, avx, avx2, aes, clmul, erms, lzcnt, ht, tsc, tscinvbit, bmi1, bmi2, fma

Memory: 4k page, system-wide physical 8102M (1432M free)
TotalPageFile size 15853M (AvailPageFile size 3789M)
current process WorkingSet (physical memory assigned to process): 260M, peak: 260M
current process commit charge ("private bytes"): 364M, peak: 364M

vm_info: Java HotSpot(TM) 64-Bit Server VM (11.0.2+9-LTS) for windows-amd64 JRE (11.0.2+9-LTS), built on Jan 18 2019 05:24:10 by "mach5one" with MS VC++ 15.5 (VS2017)

END.
